===== Starting build =====
Timestamp
Mon Mar  4 12:47:48 UTC 2013
==========================

===== Updating from SVN =====
U    er9x-jeti.hex
U    er9x-frsky.hex
U    er9x.hex
U    er9x-ardupilot.hex
U    er9x-frsky-noht.hex
U    er9x-noht.hex
U    src/stamp-er9x.h
U    src/nmea.cpp
U    src/frsky.cpp
U    src/audio.cpp
U    src/lcd.cpp
U    src/simpgmspace.h
U    src/file.cpp
U    src/pulses.h
U    src/menus.cpp
U    src/er9x.h
U    src/Makefile
U    src/templates.cpp
U    src/myeeprom.h
U    src/frsky.h
U    src/audio.h
U    src/lcd.h
A    src/simpgmspace.cpp
U    src/pers.cpp
U    src/pulses.cpp
U    src/drivers.cpp
U    src/file.h
U    src/er9x.cpp
U    src/menus.h
U    er9x-nmea.hex
Conflict discovered in 'make.log'.
Select: (p) postpone, (df) diff-full, (e) edit,
        (mc) mine-conflict, (tc) theirs-conflict,
        (s) show all options: 